The system is: Darwin - 15.4.0 - x86_64
Compiling the C compiler identification source file "CMakeCCompilerId.c" succeeded.
Compiler: /Library/Developer/CommandLineTools/usr/bin/cc 
Build flags: 
Id flags: 

The output was:
0


Compilation of the C compiler identification source "CMakeCCompilerId.c" produced "a.out"

The C compiler identification is AppleClang, found in "/nfs/2014/j/jwalle/github/filler/bonus/glfw/CMakeFiles/3.5.2/CompilerIdC/a.out"

Determining if the C compiler works passed with the following output:
Change Dir: /nfs/2014/j/jwalle/github/filler/bonus/glfw/CMakeFiles/CMakeTmp

Run Build Command:"/usr/bin/make" "cmTC_fcb94/fast"
/Library/Developer/CommandLineTools/usr/bin/make -f CMakeFiles/cmTC_fcb94.dir/build.make CMakeFiles/cmTC_fcb94.dir/build
Building C object CMakeFiles/cmTC_fcb94.dir/testCCompiler.c.o
/Library/Developer/CommandLineTools/usr/bin/cc     -o CMakeFiles/cmTC_fcb94.dir/testCCompiler.c.o   -c /nfs/2014/j/jwalle/github/filler/bonus/glfw/CMakeFiles/CMakeTmp/testCCompiler.c
Linking C executable cmTC_fcb94
/nfs/2014/j/jwalle/.brew/Cellar/cmake/3.5.2/bin/cmake -E cmake_link_script CMakeFiles/cmTC_fcb94.dir/link.txt --verbose=1
/Library/Developer/CommandLineTools/usr/bin/cc    -Wl,-search_paths_first -Wl,-headerpad_max_install_names   CMakeFiles/cmTC_fcb94.dir/testCCompiler.c.o  -o cmTC_fcb94  


Detecting C compiler ABI info compiled with the following output:
Change Dir: /nfs/2014/j/jwalle/github/filler/bonus/glfw/CMakeFiles/CMakeTmp

Run Build Command:"/usr/bin/make" "cmTC_65fec/fast"
/Library/Developer/CommandLineTools/usr/bin/make -f CMakeFiles/cmTC_65fec.dir/build.make CMakeFiles/cmTC_65fec.dir/build
Building C object CMakeFiles/cmTC_65fec.dir/CMakeCCompilerABI.c.o
/Library/Developer/CommandLineTools/usr/bin/cc     -o CMakeFiles/cmTC_65fec.dir/CMakeCCompilerABI.c.o   -c /nfs/2014/j/jwalle/.brew/Cellar/cmake/3.5.2/share/cmake/Modules/CMakeCCompilerABI.c
Linking C executable cmTC_65fec
/nfs/2014/j/jwalle/.brew/Cellar/cmake/3.5.2/bin/cmake -E cmake_link_script CMakeFiles/cmTC_65fec.dir/link.txt --verbose=1
/Library/Developer/CommandLineTools/usr/bin/cc    -Wl,-search_paths_first -Wl,-headerpad_max_install_names  -v -Wl,-v CMakeFiles/cmTC_65fec.dir/CMakeCCompilerABI.c.o  -o cmTC_65fec   
Apple LLVM version 7.3.0 (clang-703.0.29)
Target: x86_64-apple-darwin15.4.0
Thread model: posix
InstalledDir: /Library/Developer/CommandLineTools/usr/bin
 "/Library/Developer/CommandLineTools/usr/bin/ld" -demangle -dynamic -arch x86_64 -macosx_version_min 10.11.0 -o cmTC_65fec -search_paths_first -headerpad_max_install_names -v CMakeFiles/cmTC_65fec.dir/CMakeCCompilerABI.c.o -lSystem /Library/Developer/CommandLineTools/usr/bin/../lib/clang/7.3.0/lib/darwin/libclang_rt.osx.a
@(#)PROGRAM:ld  PROJECT:ld64-264.3.101
configured to support archs: armv6 armv7 armv7s arm64 i386 x86_64 x86_64h armv6m armv7k armv7m armv7em (tvOS)
Library search paths:
	/usr/lib
	/usr/local/lib
Framework search paths:
	/Library/Frameworks/
	/System/Library/Frameworks/


Parsed C implicit link information from above output:
  link line regex: [^( *|.*[/\])(ld|([^/\]+-)?ld|collect2)[^/\]*( |$)]
  ignore line: [Change Dir: /nfs/2014/j/jwalle/github/filler/bonus/glfw/CMakeFiles/CMakeTmp]
  ignore line: []
  ignore line: [Run Build Command:"/usr/bin/make" "cmTC_65fec/fast"]
  ignore line: [/Library/Developer/CommandLineTools/usr/bin/make -f CMakeFiles/cmTC_65fec.dir/build.make CMakeFiles/cmTC_65fec.dir/build]
  ignore line: [Building C object CMakeFiles/cmTC_65fec.dir/CMakeCCompilerABI.c.o]
  ignore line: [/Library/Developer/CommandLineTools/usr/bin/cc     -o CMakeFiles/cmTC_65fec.dir/CMakeCCompilerABI.c.o   -c /nfs/2014/j/jwalle/.brew/Cellar/cmake/3.5.2/share/cmake/Modules/CMakeCCompilerABI.c]
  ignore line: [Linking C executable cmTC_65fec]
  ignore line: [/nfs/2014/j/jwalle/.brew/Cellar/cmake/3.5.2/bin/cmake -E cmake_link_script CMakeFiles/cmTC_65fec.dir/link.txt --verbose=1]
  ignore line: [/Library/Developer/CommandLineTools/usr/bin/cc    -Wl,-search_paths_first -Wl,-headerpad_max_install_names  -v -Wl,-v CMakeFiles/cmTC_65fec.dir/CMakeCCompilerABI.c.o  -o cmTC_65fec   ]
  ignore line: [Apple LLVM version 7.3.0 (clang-703.0.29)]
  ignore line: [Target: x86_64-apple-darwin15.4.0]
  ignore line: [Thread model: posix]
  ignore line: [InstalledDir: /Library/Developer/CommandLineTools/usr/bin]
  link line: [ "/Library/Developer/CommandLineTools/usr/bin/ld" -demangle -dynamic -arch x86_64 -macosx_version_min 10.11.0 -o cmTC_65fec -search_paths_first -headerpad_max_install_names -v CMakeFiles/cmTC_65fec.dir/CMakeCCompilerABI.c.o -lSystem /Library/Developer/CommandLineTools/usr/bin/../lib/clang/7.3.0/lib/darwin/libclang_rt.osx.a]
    arg [/Library/Developer/CommandLineTools/usr/bin/ld] ==> ignore
    arg [-demangle] ==> ignore
    arg [-dynamic] ==> ignore
    arg [-arch] ==> ignore
    arg [x86_64] ==> ignore
    arg [-macosx_version_min] ==> ignore
    arg [10.11.0] ==> ignore
    arg [-o] ==> ignore
    arg [cmTC_65fec] ==> ignore
    arg [-search_paths_first] ==> ignore
    arg [-headerpad_max_install_names] ==> ignore
    arg [-v] ==> ignore
    arg [CMakeFiles/cmTC_65fec.dir/CMakeCCompilerABI.c.o] ==> ignore
    arg [-lSystem] ==> lib [System]
    arg [/Library/Developer/CommandLineTools/usr/bin/../lib/clang/7.3.0/lib/darwin/libclang_rt.osx.a] ==> lib [/Library/Developer/CommandLineTools/usr/bin/../lib/clang/7.3.0/lib/darwin/libclang_rt.osx.a]
  Library search paths: [;/usr/lib;/usr/local/lib]
  Framework search paths: [;/Library/Frameworks/;/System/Library/Frameworks/]
  remove lib [System]
  collapse lib [/Library/Developer/CommandLineTools/usr/bin/../lib/clang/7.3.0/lib/darwin/libclang_rt.osx.a] ==> [/Library/Developer/CommandLineTools/usr/lib/clang/7.3.0/lib/darwin/libclang_rt.osx.a]
  collapse library dir [/usr/lib] ==> [/usr/lib]
  collapse library dir [/usr/local/lib] ==> [/usr/local/lib]
  collapse framework dir [/Library/Frameworks/] ==> [/Library/Frameworks]
  collapse framework dir [/System/Library/Frameworks/] ==> [/System/Library/Frameworks]
  implicit libs: [/Library/Developer/CommandLineTools/usr/lib/clang/7.3.0/lib/darwin/libclang_rt.osx.a]
  implicit dirs: [/usr/lib;/usr/local/lib]
  implicit fwks: [/Library/Frameworks;/System/Library/Frameworks]




Detecting C [-std=c11] compiler features compiled with the following output:
Change Dir: /nfs/2014/j/jwalle/github/filler/bonus/glfw/CMakeFiles/CMakeTmp

Run Build Command:"/usr/bin/make" "cmTC_fe95c/fast"
/Library/Developer/CommandLineTools/usr/bin/make -f CMakeFiles/cmTC_fe95c.dir/build.make CMakeFiles/cmTC_fe95c.dir/build
Building C object CMakeFiles/cmTC_fe95c.dir/feature_tests.c.o
/Library/Developer/CommandLineTools/usr/bin/cc    -std=c11 -o CMakeFiles/cmTC_fe95c.dir/feature_tests.c.o   -c /nfs/2014/j/jwalle/github/filler/bonus/glfw/CMakeFiles/feature_tests.c
Linking C executable cmTC_fe95c
/nfs/2014/j/jwalle/.brew/Cellar/cmake/3.5.2/bin/cmake -E cmake_link_script CMakeFiles/cmTC_fe95c.dir/link.txt --verbose=1
/Library/Developer/CommandLineTools/usr/bin/cc    -Wl,-search_paths_first -Wl,-headerpad_max_install_names   CMakeFiles/cmTC_fe95c.dir/feature_tests.c.o  -o cmTC_fe95c  


    Feature record: C_FEATURE:1c_function_prototypes
    Feature record: C_FEATURE:1c_restrict
    Feature record: C_FEATURE:1c_static_assert
    Feature record: C_FEATURE:1c_variadic_macros


Detecting C [-std=c99] compiler features compiled with the following output:
Change Dir: /nfs/2014/j/jwalle/github/filler/bonus/glfw/CMakeFiles/CMakeTmp

Run Build Command:"/usr/bin/make" "cmTC_d6c06/fast"
/Library/Developer/CommandLineTools/usr/bin/make -f CMakeFiles/cmTC_d6c06.dir/build.make CMakeFiles/cmTC_d6c06.dir/build
Building C object CMakeFiles/cmTC_d6c06.dir/feature_tests.c.o
/Library/Developer/CommandLineTools/usr/bin/cc    -std=c99 -o CMakeFiles/cmTC_d6c06.dir/feature_tests.c.o   -c /nfs/2014/j/jwalle/github/filler/bonus/glfw/CMakeFiles/feature_tests.c
Linking C executable cmTC_d6c06
/nfs/2014/j/jwalle/.brew/Cellar/cmake/3.5.2/bin/cmake -E cmake_link_script CMakeFiles/cmTC_d6c06.dir/link.txt --verbose=1
/Library/Developer/CommandLineTools/usr/bin/cc    -Wl,-search_paths_first -Wl,-headerpad_max_install_names   CMakeFiles/cmTC_d6c06.dir/feature_tests.c.o  -o cmTC_d6c06  


    Feature record: C_FEATURE:1c_function_prototypes
    Feature record: C_FEATURE:1c_restrict
    Feature record: C_FEATURE:0c_static_assert
    Feature record: C_FEATURE:1c_variadic_macros


Detecting C [-std=c90] compiler features compiled with the following output:
Change Dir: /nfs/2014/j/jwalle/github/filler/bonus/glfw/CMakeFiles/CMakeTmp

Run Build Command:"/usr/bin/make" "cmTC_a2b3a/fast"
/Library/Developer/CommandLineTools/usr/bin/make -f CMakeFiles/cmTC_a2b3a.dir/build.make CMakeFiles/cmTC_a2b3a.dir/build
Building C object CMakeFiles/cmTC_a2b3a.dir/feature_tests.c.o
/Library/Developer/CommandLineTools/usr/bin/cc    -std=c90 -o CMakeFiles/cmTC_a2b3a.dir/feature_tests.c.o   -c /nfs/2014/j/jwalle/github/filler/bonus/glfw/CMakeFiles/feature_tests.c
Linking C executable cmTC_a2b3a
/nfs/2014/j/jwalle/.brew/Cellar/cmake/3.5.2/bin/cmake -E cmake_link_script CMakeFiles/cmTC_a2b3a.dir/link.txt --verbose=1
/Library/Developer/CommandLineTools/usr/bin/cc    -Wl,-search_paths_first -Wl,-headerpad_max_install_names   CMakeFiles/cmTC_a2b3a.dir/feature_tests.c.o  -o cmTC_a2b3a  


    Feature record: C_FEATURE:1c_function_prototypes
    Feature record: C_FEATURE:0c_restrict
    Feature record: C_FEATURE:0c_static_assert
    Feature record: C_FEATURE:0c_variadic_macros
Determining if the include file pthread.h exists passed with the following output:
Change Dir: /nfs/2014/j/jwalle/github/filler/bonus/glfw/CMakeFiles/CMakeTmp

Run Build Command:"/usr/bin/make" "cmTC_e4904/fast"
/Library/Developer/CommandLineTools/usr/bin/make -f CMakeFiles/cmTC_e4904.dir/build.make CMakeFiles/cmTC_e4904.dir/build
Building C object CMakeFiles/cmTC_e4904.dir/CheckIncludeFile.c.o
/Library/Developer/CommandLineTools/usr/bin/cc     -o CMakeFiles/cmTC_e4904.dir/CheckIncludeFile.c.o   -c /nfs/2014/j/jwalle/github/filler/bonus/glfw/CMakeFiles/CMakeTmp/CheckIncludeFile.c
Linking C executable cmTC_e4904
/nfs/2014/j/jwalle/.brew/Cellar/cmake/3.5.2/bin/cmake -E cmake_link_script CMakeFiles/cmTC_e4904.dir/link.txt --verbose=1
/Library/Developer/CommandLineTools/usr/bin/cc    -Wl,-search_paths_first -Wl,-headerpad_max_install_names   CMakeFiles/cmTC_e4904.dir/CheckIncludeFile.c.o  -o cmTC_e4904  


Determining if the pthread_create exist passed with the following output:
Change Dir: /nfs/2014/j/jwalle/github/filler/bonus/glfw/CMakeFiles/CMakeTmp

Run Build Command:"/usr/bin/make" "cmTC_9edff/fast"
/Library/Developer/CommandLineTools/usr/bin/make -f CMakeFiles/cmTC_9edff.dir/build.make CMakeFiles/cmTC_9edff.dir/build
Building C object CMakeFiles/cmTC_9edff.dir/CheckSymbolExists.c.o
/Library/Developer/CommandLineTools/usr/bin/cc     -o CMakeFiles/cmTC_9edff.dir/CheckSymbolExists.c.o   -c /nfs/2014/j/jwalle/github/filler/bonus/glfw/CMakeFiles/CMakeTmp/CheckSymbolExists.c
Linking C executable cmTC_9edff
/nfs/2014/j/jwalle/.brew/Cellar/cmake/3.5.2/bin/cmake -E cmake_link_script CMakeFiles/cmTC_9edff.dir/link.txt --verbose=1
/Library/Developer/CommandLineTools/usr/bin/cc    -Wl,-search_paths_first -Wl,-headerpad_max_install_names   CMakeFiles/cmTC_9edff.dir/CheckSymbolExists.c.o  -o cmTC_9edff  

File /nfs/2014/j/jwalle/github/filler/bonus/glfw/CMakeFiles/CMakeTmp/CheckSymbolExists.c:
/* */
#include <pthread.h>

int main(int argc, char** argv)
{
  (void)argv;
#ifndef pthread_create
  return ((int*)(&pthread_create))[argc];
#else
  (void)argc;
  return 0;
#endif
}

